pygame 2.0.1 (SDL 2.0.14, Python 3.9.7)
Hello from the pygame community. https://www.pygame.org/contribute.html
Packet received from 1 at 2
Packet received from 2 at 1
Packet received from 2 at 4
All packets received by 4
Updated routing table for 4
Packet sent from 4 to 2
Node: 4
4 -> 0 : 49 via -
4 -> 1 : 7 via 2
4 -> 2 : 4 via 2
4 -> 3 : 11 via 2
4 -> 4 : 0 via 4
4 -> 5 : 10 via 2
Packet received from 4 at 2
Packet received from 0 at 1
All packets received by 1
Updated routing table for 1
Packet sent from 1 to 0
Packet sent from 1 to 2
Node: 1
1 -> 0 : 5 via 0
1 -> 1 : 0 via 1
1 -> 2 : 3 via 2
1 -> 3 : 10 via 2
1 -> 4 : 7 via 2
1 -> 5 : 9 via 2
Packet received from 1 at 0
All packets received by 0
Updated routing table for 0
Packet sent from 0 to 1
Node: 0
0 -> 0 : 0 via 0
0 -> 1 : 5 via 1
0 -> 2 : 8 via 1
0 -> 3 : 49 via -
0 -> 4 : 49 via -
0 -> 5 : 49 via -
Packet received from 2 at 5
All packets received by 5
Updated routing table for 5
Packet sent from 5 to 2
Node: 5
5 -> 0 : 49 via -
5 -> 1 : 9 via 2
5 -> 2 : 6 via 2
5 -> 3 : 13 via 2
5 -> 4 : 10 via 2
5 -> 5 : 0 via 5
Packet received from 5 at 2
Packet received from 2 at 3
All packets received by 3
Updated routing table for 3
Packet sent from 3 to 2
Node: 3
3 -> 0 : 49 via -
3 -> 1 : 10 via 2
3 -> 2 : 7 via 2
3 -> 3 : 0 via 3
3 -> 4 : 11 via 2
3 -> 5 : 13 via 2
Packet received from 3 at 2
All packets received by 2
Updated routing table for 2
Packet sent from 2 to 1
Packet sent from 2 to 5
Packet sent from 2 to 4
Packet sent from 2 to 3
Node: 2
2 -> 0 : 8 via 1
2 -> 1 : 3 via 1
2 -> 2 : 0 via 2
2 -> 3 : 7 via 3
2 -> 4 : 4 via 4
2 -> 5 : 6 via 5
Packet received from 4 at 2
All packets received by 2
No changes in routing table for 2
Packet received from 1 at 2
All packets received by 2
No changes in routing table for 2
Packet received from 1 at 0
All packets received by 0
Updated routing table for 0
Packet sent from 0 to 1
Node: 0
0 -> 0 : 0 via 0
0 -> 1 : 5 via 1
0 -> 2 : 8 via 1
0 -> 3 : 15 via 1
0 -> 4 : 12 via 1
0 -> 5 : 14 via 1
Packet received from 0 at 1
All packets received by 1
No changes in routing table for 1
Packet received from 2 at 1
All packets received by 1
No changes in routing table for 1
Packet received from 2 at 4
All packets received by 4
Updated routing table for 4
Packet sent from 4 to 2
Node: 4
4 -> 0 : 12 via 2
4 -> 1 : 7 via 2
4 -> 2 : 4 via 2
4 -> 3 : 11 via 2
4 -> 4 : 0 via 4
4 -> 5 : 10 via 2
Packet received from 5 at 2
All packets received by 2
No changes in routing table for 2
Packet received from 2 at 5
All packets received by 5
Updated routing table for 5
Packet sent from 5 to 2
Node: 5
5 -> 0 : 14 via 2
5 -> 1 : 9 via 2
5 -> 2 : 6 via 2
5 -> 3 : 13 via 2
5 -> 4 : 10 via 2
5 -> 5 : 0 via 5
Packet received from 3 at 2
All packets received by 2
No changes in routing table for 2
Packet received from 2 at 3
All packets received by 3
Updated routing table for 3
Packet sent from 3 to 2
Node: 3
3 -> 0 : 15 via 2
3 -> 1 : 10 via 2
3 -> 2 : 7 via 2
3 -> 3 : 0 via 3
3 -> 4 : 11 via 2
3 -> 5 : 13 via 2
Packet received from 0 at 1
All packets received by 1
No changes in routing table for 1
Packet received from 4 at 2
All packets received by 2
No changes in routing table for 2
Packet received from 5 at 2
All packets received by 2
No changes in routing table for 2
Link removed from 2 to 1
Packet sent from 2 to 5
Packet sent from 2 to 4
Packet sent from 2 to 3
Link removed from 1 to 2
Packet sent from 1 to 0
Packet received from 3 at 2
All packets received by 2
Updated routing table for 2
Packet sent from 2 to 5
Packet sent from 2 to 4
Packet sent from 2 to 3
Node: 2
2 -> 0 : 16 via 4
2 -> 1 : 11 via 4
2 -> 2 : 0 via 2
2 -> 3 : 7 via 3
2 -> 4 : 4 via 4
2 -> 5 : 6 via 5
Packet received from 2 at 4
All packets received by 4
Updated routing table for 4
Packet sent from 4 to 2
Node: 4
4 -> 0 : 12 via 2
4 -> 1 : 49 via -
4 -> 2 : 4 via 2
4 -> 3 : 11 via 2
4 -> 4 : 0 via 4
4 -> 5 : 10 via 2
Packet received from 1 at 0
All packets received by 0
Updated routing table for 0
Packet sent from 0 to 1
Node: 0
0 -> 0 : 0 via 0
0 -> 1 : 5 via 1
0 -> 2 : 49 via -
0 -> 3 : 15 via 1
0 -> 4 : 12 via 1
0 -> 5 : 14 via 1
Packet received from 2 at 4
All packets received by 4
Updated routing table for 4
Packet sent from 4 to 2
Node: 4
4 -> 0 : 20 via 2
4 -> 1 : 15 via 2
4 -> 2 : 4 via 2
4 -> 3 : 11 via 2
4 -> 4 : 0 via 4
4 -> 5 : 10 via 2
Packet received from 2 at 5
All packets received by 5
Updated routing table for 5
Packet sent from 5 to 2
Node: 5
5 -> 0 : 14 via 2
5 -> 1 : 49 via -
5 -> 2 : 6 via 2
5 -> 3 : 13 via 2
5 -> 4 : 10 via 2
5 -> 5 : 0 via 5
Packet received from 2 at 3
All packets received by 3
Updated routing table for 3
Packet sent from 3 to 2
Node: 3
3 -> 0 : 15 via 2
3 -> 1 : 49 via -
3 -> 2 : 7 via 2
3 -> 3 : 0 via 3
3 -> 4 : 11 via 2
3 -> 5 : 13 via 2
Packet received from 2 at 5
All packets received by 5
Updated routing table for 5
Packet sent from 5 to 2
Node: 5
5 -> 0 : 22 via 2
5 -> 1 : 17 via 2
5 -> 2 : 6 via 2
5 -> 3 : 13 via 2
5 -> 4 : 10 via 2
5 -> 5 : 0 via 5
Packet received from 2 at 3
All packets received by 3
Updated routing table for 3
Packet sent from 3 to 2
Node: 3
3 -> 0 : 23 via 2
3 -> 1 : 18 via 2
3 -> 2 : 7 via 2
3 -> 3 : 0 via 3
3 -> 4 : 11 via 2
3 -> 5 : 13 via 2
Packet received from 4 at 2
All packets received by 2
Updated routing table for 2
Packet sent from 2 to 5
Packet sent from 2 to 4
Packet sent from 2 to 3
Node: 2
2 -> 0 : 16 via 4
2 -> 1 : 15 via 5
2 -> 2 : 0 via 2
2 -> 3 : 7 via 3
2 -> 4 : 4 via 4
2 -> 5 : 6 via 5
Packet received from 4 at 2
All packets received by 2
Updated routing table for 2
Packet sent from 2 to 5
Packet sent from 2 to 4
Packet sent from 2 to 3
Node: 2
2 -> 0 : 20 via 5
2 -> 1 : 15 via 5
2 -> 2 : 0 via 2
2 -> 3 : 7 via 3
2 -> 4 : 4 via 4
2 -> 5 : 6 via 5
Packet received from 0 at 1
All packets received by 1
Updated routing table for 1
Packet sent from 1 to 0
Node: 1
1 -> 0 : 5 via 0
1 -> 1 : 0 via 1
1 -> 2 : 49 via -
1 -> 3 : 20 via 0
1 -> 4 : 17 via 0
1 -> 5 : 19 via 0
Packet received from 5 at 2
All packets received by 2
Updated routing table for 2
Packet sent from 2 to 5
Packet sent from 2 to 4
Packet sent from 2 to 3
Node: 2
2 -> 0 : 20 via 5
2 -> 1 : 17 via 3
2 -> 2 : 0 via 2
2 -> 3 : 7 via 3
2 -> 4 : 4 via 4
2 -> 5 : 6 via 5
Packet received from 2 at 4
All packets received by 4
Updated routing table for 4
Packet sent from 4 to 2
Node: 4
4 -> 0 : 20 via 2
4 -> 1 : 19 via 2
4 -> 2 : 4 via 2
4 -> 3 : 11 via 2
4 -> 4 : 0 via 4
4 -> 5 : 10 via 2
Packet received from 5 at 2
All packets received by 2
Updated routing table for 2
Packet sent from 2 to 5
Packet sent from 2 to 4
Packet sent from 2 to 3
Node: 2
2 -> 0 : 22 via 3
2 -> 1 : 17 via 3
2 -> 2 : 0 via 2
2 -> 3 : 7 via 3
2 -> 4 : 4 via 4
2 -> 5 : 6 via 5
Packet received from 2 at 4
All packets received by 4
Updated routing table for 4
Packet sent from 4 to 2
Node: 4
4 -> 0 : 24 via 2
4 -> 1 : 19 via 2
4 -> 2 : 4 via 2
4 -> 3 : 11 via 2
4 -> 4 : 0 via 4
4 -> 5 : 10 via 2
Packet received from 3 at 2
All packets received by 2
Updated routing table for 2
Packet sent from 2 to 5
Packet sent from 2 to 4
Packet sent from 2 to 3
Node: 2
2 -> 0 : 22 via 3
2 -> 1 : 19 via 4
2 -> 2 : 0 via 2
2 -> 3 : 7 via 3
2 -> 4 : 4 via 4
2 -> 5 : 6 via 5
Packet received from 2 at 5
All packets received by 5
Updated routing table for 5
Packet sent from 5 to 2
Node: 5
5 -> 0 : 22 via 2
5 -> 1 : 21 via 2
5 -> 2 : 6 via 2
5 -> 3 : 13 via 2
5 -> 4 : 10 via 2
5 -> 5 : 0 via 5
Packet received from 3 at 2
All packets received by 2
Updated routing table for 2
Packet sent from 2 to 5
Packet sent from 2 to 4
Packet sent from 2 to 3
Node: 2
2 -> 0 : 24 via 4
2 -> 1 : 19 via 4
2 -> 2 : 0 via 2
2 -> 3 : 7 via 3
2 -> 4 : 4 via 4
2 -> 5 : 6 via 5
Packet received from 2 at 3
All packets received by 3
Updated routing table for 3
Packet sent from 3 to 2
Node: 3
3 -> 0 : 23 via 2
3 -> 1 : 22 via 2
3 -> 2 : 7 via 2
3 -> 3 : 0 via 3
3 -> 4 : 11 via 2
3 -> 5 : 13 via 2
Packet received from 2 at 5
All packets received by 5
Updated routing table for 5
Packet sent from 5 to 2
Node: 5
5 -> 0 : 26 via 2
5 -> 1 : 21 via 2
5 -> 2 : 6 via 2
5 -> 3 : 13 via 2
5 -> 4 : 10 via 2
5 -> 5 : 0 via 5
Packet received from 1 at 0
All packets received by 0
Updated routing table for 0
Packet sent from 0 to 1
Node: 0
0 -> 0 : 0 via 0
0 -> 1 : 5 via 1
0 -> 2 : 49 via -
0 -> 3 : 25 via 1
0 -> 4 : 22 via 1
0 -> 5 : 24 via 1
Packet received from 2 at 3
All packets received by 3
Updated routing table for 3
Packet sent from 3 to 2
Node: 3
3 -> 0 : 27 via 2
3 -> 1 : 22 via 2
3 -> 2 : 7 via 2
3 -> 3 : 0 via 3
3 -> 4 : 11 via 2
3 -> 5 : 13 via 2
Packet received from 2 at 4
All packets received by 4
Updated routing table for 4
Packet sent from 4 to 2
Node: 4
4 -> 0 : 24 via 2
4 -> 1 : 21 via 2
4 -> 2 : 4 via 2
4 -> 3 : 11 via 2
4 -> 4 : 0 via 4
4 -> 5 : 10 via 2
Packet received from 4 at 2
All packets received by 2
Updated routing table for 2
Packet sent from 2 to 5
Packet sent from 2 to 4
Packet sent from 2 to 3
Node: 2
2 -> 0 : 24 via 4
2 -> 1 : 23 via 5
2 -> 2 : 0 via 2
2 -> 3 : 7 via 3
2 -> 4 : 4 via 4
2 -> 5 : 6 via 5
Packet received from 2 at 4
All packets received by 4
Updated routing table for 4
Packet sent from 4 to 2
Node: 4
4 -> 0 : 26 via 2
4 -> 1 : 21 via 2
4 -> 2 : 4 via 2
4 -> 3 : 11 via 2
4 -> 4 : 0 via 4
4 -> 5 : 10 via 2
Packet received from 4 at 2
All packets received by 2
Updated routing table for 2
Packet sent from 2 to 5
Packet sent from 2 to 4
Packet sent from 2 to 3
Node: 2
2 -> 0 : 28 via 5
2 -> 1 : 23 via 5
2 -> 2 : 0 via 2
2 -> 3 : 7 via 3
2 -> 4 : 4 via 4
2 -> 5 : 6 via 5
Packet received from 2 at 5
All packets received by 5
Updated routing table for 5
Packet sent from 5 to 2
Node: 5
5 -> 0 : 26 via 2
5 -> 1 : 23 via 2
5 -> 2 : 6 via 2
5 -> 3 : 13 via 2
5 -> 4 : 10 via 2
5 -> 5 : 0 via 5
Packet received from 2 at 4
All packets received by 4
Updated routing table for 4
Packet sent from 4 to 2
Node: 4
4 -> 0 : 26 via 2
4 -> 1 : 23 via 2
4 -> 2 : 4 via 2
4 -> 3 : 11 via 2
4 -> 4 : 0 via 4
4 -> 5 : 10 via 2
Packet received from 2 at 3
All packets received by 3
Updated routing table for 3
Packet sent from 3 to 2
Node: 3
3 -> 0 : 27 via 2
3 -> 1 : 24 via 2
3 -> 2 : 7 via 2
3 -> 3 : 0 via 3
3 -> 4 : 11 via 2
3 -> 5 : 13 via 2
Packet received from 2 at 5
All packets received by 5
Updated routing table for 5
Packet sent from 5 to 2
Node: 5
5 -> 0 : 28 via 2
5 -> 1 : 23 via 2
5 -> 2 : 6 via 2
5 -> 3 : 13 via 2
5 -> 4 : 10 via 2
5 -> 5 : 0 via 5
Packet received from 2 at 4
All packets received by 4
Updated routing table for 4
Packet sent from 4 to 2
Node: 4
4 -> 0 : 28 via 2
4 -> 1 : 23 via 2
4 -> 2 : 4 via 2
4 -> 3 : 11 via 2
4 -> 4 : 0 via 4
4 -> 5 : 10 via 2
Packet received from 2 at 3
All packets received by 3
Updated routing table for 3
Packet sent from 3 to 2
Node: 3
3 -> 0 : 29 via 2
3 -> 1 : 24 via 2
3 -> 2 : 7 via 2
3 -> 3 : 0 via 3
3 -> 4 : 11 via 2
3 -> 5 : 13 via 2
Packet received from 2 at 5
All packets received by 5
Updated routing table for 5
Packet sent from 5 to 2
Node: 5
5 -> 0 : 28 via 2
5 -> 1 : 25 via 2
5 -> 2 : 6 via 2
5 -> 3 : 13 via 2
5 -> 4 : 10 via 2
5 -> 5 : 0 via 5
Packet received from 5 at 2
All packets received by 2
No changes in routing table for 2
Packet received from 0 at 1
All packets received by 1
Updated routing table for 1
Packet sent from 1 to 0
Node: 1
1 -> 0 : 5 via 0
1 -> 1 : 0 via 1
1 -> 2 : 49 via -
1 -> 3 : 30 via 0
1 -> 4 : 27 via 0
1 -> 5 : 29 via 0
Packet received from 4 at 2
All packets received by 2
Updated routing table for 2
Packet sent from 2 to 5
Packet sent from 2 to 4
Packet sent from 2 to 3
Node: 2
2 -> 0 : 28 via 5
2 -> 1 : 25 via 3
2 -> 2 : 0 via 2
2 -> 3 : 7 via 3
2 -> 4 : 4 via 4
2 -> 5 : 6 via 5
Packet received from 2 at 4
All packets received by 4
Updated routing table for 4
Packet sent from 4 to 2
Node: 4
4 -> 0 : 28 via 2
4 -> 1 : 27 via 2
4 -> 2 : 4 via 2
4 -> 3 : 11 via 2
4 -> 4 : 0 via 4
4 -> 5 : 10 via 2
Packet received from 2 at 3
All packets received by 3
Updated routing table for 3
Packet sent from 3 to 2
Node: 3
3 -> 0 : 29 via 2
3 -> 1 : 26 via 2
3 -> 2 : 7 via 2
3 -> 3 : 0 via 3
3 -> 4 : 11 via 2
3 -> 5 : 13 via 2
Packet received from 2 at 5
All packets received by 5
Updated routing table for 5
Packet sent from 5 to 2
Node: 5
5 -> 0 : 30 via 2
5 -> 1 : 25 via 2
5 -> 2 : 6 via 2
5 -> 3 : 13 via 2
5 -> 4 : 10 via 2
5 -> 5 : 0 via 5
Packet received from 5 at 2
All packets received by 2
No changes in routing table for 2
Packet received from 4 at 2
All packets received by 2
Updated routing table for 2
Packet sent from 2 to 5
Packet sent from 2 to 4
Packet sent from 2 to 3
Node: 2
2 -> 0 : 30 via 3
2 -> 1 : 25 via 3
2 -> 2 : 0 via 2
2 -> 3 : 7 via 3
2 -> 4 : 4 via 4
2 -> 5 : 6 via 5
Packet received from 2 at 4
All packets received by 4
Updated routing table for 4
Packet sent from 4 to 2
Node: 4
4 -> 0 : 32 via 2
4 -> 1 : 27 via 2
4 -> 2 : 4 via 2
4 -> 3 : 11 via 2
4 -> 4 : 0 via 4
4 -> 5 : 10 via 2
Packet received from 2 at 3
All packets received by 3
Updated routing table for 3
Packet sent from 3 to 2
Node: 3
3 -> 0 : 31 via 2
3 -> 1 : 26 via 2
3 -> 2 : 7 via 2
3 -> 3 : 0 via 3
3 -> 4 : 11 via 2
3 -> 5 : 13 via 2
Packet received from 3 at 2
All packets received by 2
No changes in routing table for 2
Packet received from 2 at 5
All packets received by 5
Updated routing table for 5
Packet sent from 5 to 2
Node: 5
5 -> 0 : 30 via 2
5 -> 1 : 29 via 2
5 -> 2 : 6 via 2
5 -> 3 : 13 via 2
5 -> 4 : 10 via 2
5 -> 5 : 0 via 5
Packet received from 4 at 2
All packets received by 2
Updated routing table for 2
Packet sent from 2 to 5
Packet sent from 2 to 4
Packet sent from 2 to 3
Node: 2
2 -> 0 : 30 via 3
2 -> 1 : 27 via 5
2 -> 2 : 0 via 2
2 -> 3 : 7 via 3
2 -> 4 : 4 via 4
2 -> 5 : 6 via 5
Packet received from 3 at 2
All packets received by 2
No changes in routing table for 2
Packet received from 2 at 3
All packets received by 3
Updated routing table for 3
Packet sent from 3 to 2
Node: 3
3 -> 0 : 31 via 2
3 -> 1 : 30 via 2
3 -> 2 : 7 via 2
3 -> 3 : 0 via 3
3 -> 4 : 11 via 2
3 -> 5 : 13 via 2
Packet received from 2 at 5
All packets received by 5
Updated routing table for 5
Packet sent from 5 to 2
Node: 5
5 -> 0 : 34 via 2
5 -> 1 : 29 via 2
5 -> 2 : 6 via 2
5 -> 3 : 13 via 2
5 -> 4 : 10 via 2
5 -> 5 : 0 via 5
Packet received from 4 at 2
All packets received by 2
Updated routing table for 2
Packet sent from 2 to 5
Packet sent from 2 to 4
Packet sent from 2 to 3
Node: 2
2 -> 0 : 32 via 5
2 -> 1 : 27 via 5
2 -> 2 : 0 via 2
2 -> 3 : 7 via 3
2 -> 4 : 4 via 4
2 -> 5 : 6 via 5
Packet received from 2 at 3
All packets received by 3
Updated routing table for 3
Packet sent from 3 to 2
Node: 3
3 -> 0 : 35 via 2
3 -> 1 : 30 via 2
3 -> 2 : 7 via 2
3 -> 3 : 0 via 3
3 -> 4 : 11 via 2
3 -> 5 : 13 via 2
Packet received from 5 at 2
All packets received by 2
No changes in routing table for 2
Packet received from 2 at 4
All packets received by 4
Updated routing table for 4
Packet sent from 4 to 2
Node: 4
4 -> 0 : 32 via 2
4 -> 1 : 29 via 2
4 -> 2 : 4 via 2
4 -> 3 : 11 via 2
4 -> 4 : 0 via 4
4 -> 5 : 10 via 2
Packet received from 4 at 2
All packets received by 2
Updated routing table for 2
Packet sent from 2 to 5
Packet sent from 2 to 4
Packet sent from 2 to 3
Node: 2
2 -> 0 : 32 via 5
2 -> 1 : 29 via 3
2 -> 2 : 0 via 2
2 -> 3 : 7 via 3
2 -> 4 : 4 via 4
2 -> 5 : 6 via 5
Packet received from 5 at 2
All packets received by 2
No changes in routing table for 2
Packet received from 1 at 0
All packets received by 0
Updated routing table for 0
Packet sent from 0 to 1
Node: 0
0 -> 0 : 0 via 0
0 -> 1 : 5 via 1
0 -> 2 : 49 via -
0 -> 3 : 35 via 1
0 -> 4 : 32 via 1
0 -> 5 : 34 via 1
Packet received from 2 at 4
All packets received by 4
Updated routing table for 4
Packet sent from 4 to 2
Node: 4
4 -> 0 : 34 via 2
4 -> 1 : 29 via 2
4 -> 2 : 4 via 2
4 -> 3 : 11 via 2
4 -> 4 : 0 via 4
4 -> 5 : 10 via 2
Packet received from 4 at 2
All packets received by 2
Updated routing table for 2
Packet sent from 2 to 5
Packet sent from 2 to 4
Packet sent from 2 to 3
Node: 2
2 -> 0 : 34 via 3
2 -> 1 : 29 via 3
2 -> 2 : 0 via 2
2 -> 3 : 7 via 3
2 -> 4 : 4 via 4
2 -> 5 : 6 via 5
Packet received from 3 at 2
All packets received by 2
No changes in routing table for 2
Packet received from 5 at 2
All packets received by 2
Updated routing table for 2
Packet sent from 2 to 5
Packet sent from 2 to 4
Packet sent from 2 to 3
Node: 2
2 -> 0 : 34 via 3
2 -> 1 : 31 via 3
2 -> 2 : 0 via 2
2 -> 3 : 7 via 3
2 -> 4 : 4 via 4
2 -> 5 : 6 via 5
Packet received from 2 at 5
All packets received by 5
Updated routing table for 5
Packet sent from 5 to 2
Node: 5
5 -> 0 : 34 via 2
5 -> 1 : 31 via 2
5 -> 2 : 6 via 2
5 -> 3 : 13 via 2
5 -> 4 : 10 via 2
5 -> 5 : 0 via 5
Packet received from 2 at 4
All packets received by 4
Updated routing table for 4
Packet sent from 4 to 2
Node: 4
4 -> 0 : 34 via 2
4 -> 1 : 31 via 2
4 -> 2 : 4 via 2
4 -> 3 : 11 via 2
4 -> 4 : 0 via 4
4 -> 5 : 10 via 2
Packet received from 3 at 2
All packets received by 2
No changes in routing table for 2
Packet received from 2 at 3
All packets received by 3
Updated routing table for 3
Packet sent from 3 to 2
Node: 3
3 -> 0 : 35 via 2
3 -> 1 : 32 via 2
3 -> 2 : 7 via 2
3 -> 3 : 0 via 3
3 -> 4 : 11 via 2
3 -> 5 : 13 via 2
Packet received from 5 at 2
All packets received by 2
Updated routing table for 2
Packet sent from 2 to 5
Packet sent from 2 to 4
Packet sent from 2 to 3
Node: 2
2 -> 0 : 36 via 3
2 -> 1 : 31 via 3
2 -> 2 : 0 via 2
2 -> 3 : 7 via 3
2 -> 4 : 4 via 4
2 -> 5 : 6 via 5
Packet received from 2 at 5
All packets received by 5
Updated routing table for 5
Packet sent from 5 to 2
Node: 5
5 -> 0 : 36 via 2
5 -> 1 : 31 via 2
5 -> 2 : 6 via 2
5 -> 3 : 13 via 2
5 -> 4 : 10 via 2
5 -> 5 : 0 via 5
Packet received from 2 at 4
All packets received by 4
Updated routing table for 4
Packet sent from 4 to 2
Node: 4
4 -> 0 : 36 via 2
4 -> 1 : 31 via 2
4 -> 2 : 4 via 2
4 -> 3 : 11 via 2
4 -> 4 : 0 via 4
4 -> 5 : 10 via 2
Packet received from 3 at 2
All packets received by 2
No changes in routing table for 2
Packet received from 2 at 3
All packets received by 3
Updated routing table for 3
Packet sent from 3 to 2
Node: 3
3 -> 0 : 37 via 2
3 -> 1 : 32 via 2
3 -> 2 : 7 via 2
3 -> 3 : 0 via 3
3 -> 4 : 11 via 2
3 -> 5 : 13 via 2
Packet received from 5 at 2
All packets received by 2
No changes in routing table for 2
Packet received from 2 at 5
All packets received by 5
Updated routing table for 5
Packet sent from 5 to 2
Node: 5
5 -> 0 : 36 via 2
5 -> 1 : 33 via 2
5 -> 2 : 6 via 2
5 -> 3 : 13 via 2
5 -> 4 : 10 via 2
5 -> 5 : 0 via 5
Packet received from 4 at 2
All packets received by 2
Updated routing table for 2
Packet sent from 2 to 5
Packet sent from 2 to 4
Packet sent from 2 to 3
Node: 2
2 -> 0 : 36 via 3
2 -> 1 : 33 via 3
2 -> 2 : 0 via 2
2 -> 3 : 7 via 3
2 -> 4 : 4 via 4
2 -> 5 : 6 via 5
Packet received from 2 at 4
All packets received by 4
Updated routing table for 4
Packet sent from 4 to 2
Node: 4
4 -> 0 : 36 via 2
4 -> 1 : 33 via 2
4 -> 2 : 4 via 2
4 -> 3 : 11 via 2
4 -> 4 : 0 via 4
4 -> 5 : 10 via 2
Packet received from 3 at 2
All packets received by 2
No changes in routing table for 2
Packet received from 2 at 3
All packets received by 3
Updated routing table for 3
Packet sent from 3 to 2
Node: 3
3 -> 0 : 37 via 2
3 -> 1 : 34 via 2
3 -> 2 : 7 via 2
3 -> 3 : 0 via 3
3 -> 4 : 11 via 2
3 -> 5 : 13 via 2
Packet received from 5 at 2
All packets received by 2
No changes in routing table for 2
Packet received from 2 at 5
All packets received by 5
Updated routing table for 5
Packet sent from 5 to 2
Node: 5
5 -> 0 : 38 via 2
5 -> 1 : 33 via 2
5 -> 2 : 6 via 2
5 -> 3 : 13 via 2
5 -> 4 : 10 via 2
5 -> 5 : 0 via 5
Packet received from 4 at 2
All packets received by 2
Updated routing table for 2
Packet sent from 2 to 5
Packet sent from 2 to 4
Packet sent from 2 to 3
Node: 2
2 -> 0 : 38 via 3
2 -> 1 : 33 via 3
2 -> 2 : 0 via 2
2 -> 3 : 7 via 3
2 -> 4 : 4 via 4
2 -> 5 : 6 via 5
Packet received from 2 at 4
All packets received by 4
Updated routing table for 4
Packet sent from 4 to 2
Node: 4
4 -> 0 : 38 via 2
4 -> 1 : 33 via 2
4 -> 2 : 4 via 2
4 -> 3 : 11 via 2
4 -> 4 : 0 via 4
4 -> 5 : 10 via 2
Packet received from 3 at 2
All packets received by 2
No changes in routing table for 2
Packet received from 2 at 3
All packets received by 3
Updated routing table for 3
Packet sent from 3 to 2
Node: 3
3 -> 0 : 39 via 2
3 -> 1 : 34 via 2
3 -> 2 : 7 via 2
3 -> 3 : 0 via 3
3 -> 4 : 11 via 2
3 -> 5 : 13 via 2
Packet received from 2 at 5
All packets received by 5
Updated routing table for 5
Packet sent from 5 to 2
Node: 5
5 -> 0 : 38 via 2
5 -> 1 : 35 via 2
5 -> 2 : 6 via 2
5 -> 3 : 13 via 2
5 -> 4 : 10 via 2
5 -> 5 : 0 via 5
Packet received from 0 at 1
All packets received by 1
Updated routing table for 1
Packet sent from 1 to 0
Node: 1
1 -> 0 : 5 via 0
1 -> 1 : 0 via 1
1 -> 2 : 49 via -
1 -> 3 : 40 via 0
1 -> 4 : 37 via 0
1 -> 5 : 39 via 0
Packet received from 2 at 4
All packets received by 4
Updated routing table for 4
Packet sent from 4 to 2
Node: 4
4 -> 0 : 38 via 2
4 -> 1 : 35 via 2
4 -> 2 : 4 via 2
4 -> 3 : 11 via 2
4 -> 4 : 0 via 4
4 -> 5 : 10 via 2
Packet received from 4 at 2
All packets received by 2
Updated routing table for 2
Packet sent from 2 to 5
Packet sent from 2 to 4
Packet sent from 2 to 3
Node: 2
2 -> 0 : 38 via 3
2 -> 1 : 35 via 5
2 -> 2 : 0 via 2
2 -> 3 : 7 via 3
2 -> 4 : 4 via 4
2 -> 5 : 6 via 5
Packet received from 3 at 2
All packets received by 2
No changes in routing table for 2
Packet received from 2 at 3
All packets received by 3
Updated routing table for 3
Packet sent from 3 to 2
Node: 3
3 -> 0 : 39 via 2
3 -> 1 : 36 via 2
3 -> 2 : 7 via 2
3 -> 3 : 0 via 3
3 -> 4 : 11 via 2
3 -> 5 : 13 via 2
Packet received from 2 at 5
All packets received by 5
Updated routing table for 5
Packet sent from 5 to 2
Node: 5
5 -> 0 : 40 via 2
5 -> 1 : 35 via 2
5 -> 2 : 6 via 2
5 -> 3 : 13 via 2
5 -> 4 : 10 via 2
5 -> 5 : 0 via 5
Packet received from 2 at 4
All packets received by 4
Updated routing table for 4
Packet sent from 4 to 2
Node: 4
4 -> 0 : 40 via 2
4 -> 1 : 35 via 2
4 -> 2 : 4 via 2
4 -> 3 : 11 via 2
4 -> 4 : 0 via 4
4 -> 5 : 10 via 2
Packet received from 4 at 2
All packets received by 2
Updated routing table for 2
Packet sent from 2 to 5
Packet sent from 2 to 4
Packet sent from 2 to 3
Node: 2
2 -> 0 : 40 via 5
2 -> 1 : 35 via 5
2 -> 2 : 0 via 2
2 -> 3 : 7 via 3
2 -> 4 : 4 via 4
2 -> 5 : 6 via 5
Packet received from 2 at 3
All packets received by 3
Updated routing table for 3
Packet sent from 3 to 2
Node: 3
3 -> 0 : 41 via 2
3 -> 1 : 36 via 2
3 -> 2 : 7 via 2
3 -> 3 : 0 via 3
3 -> 4 : 11 via 2
3 -> 5 : 13 via 2
Packet received from 2 at 5
All packets received by 5
Updated routing table for 5
Packet sent from 5 to 2
Node: 5
5 -> 0 : 40 via 2
5 -> 1 : 37 via 2
5 -> 2 : 6 via 2
5 -> 3 : 13 via 2
5 -> 4 : 10 via 2
5 -> 5 : 0 via 5
Packet received from 5 at 2
All packets received by 2
No changes in routing table for 2
Packet received from 2 at 4
All packets received by 4
Updated routing table for 4
Packet sent from 4 to 2
Node: 4
4 -> 0 : 40 via 2
4 -> 1 : 37 via 2
4 -> 2 : 4 via 2
4 -> 3 : 11 via 2
4 -> 4 : 0 via 4
4 -> 5 : 10 via 2
Packet received from 4 at 2
All packets received by 2
Updated routing table for 2
Packet sent from 2 to 5
Packet sent from 2 to 4
Packet sent from 2 to 3
Node: 2
2 -> 0 : 40 via 5
2 -> 1 : 37 via 3
2 -> 2 : 0 via 2
2 -> 3 : 7 via 3
2 -> 4 : 4 via 4
2 -> 5 : 6 via 5
Packet received from 2 at 3
All packets received by 3
Updated routing table for 3
Packet sent from 3 to 2
Node: 3
3 -> 0 : 41 via 2
3 -> 1 : 38 via 2
3 -> 2 : 7 via 2
3 -> 3 : 0 via 3
3 -> 4 : 11 via 2
3 -> 5 : 13 via 2
Packet received from 2 at 5
All packets received by 5
Updated routing table for 5
Packet sent from 5 to 2
Node: 5
5 -> 0 : 42 via 2
5 -> 1 : 37 via 2
5 -> 2 : 6 via 2
5 -> 3 : 13 via 2
5 -> 4 : 10 via 2
5 -> 5 : 0 via 5
Packet received from 5 at 2
All packets received by 2
No changes in routing table for 2
Packet received from 2 at 4
All packets received by 4
Updated routing table for 4
Packet sent from 4 to 2
Node: 4
4 -> 0 : 42 via 2
4 -> 1 : 37 via 2
4 -> 2 : 4 via 2
4 -> 3 : 11 via 2
4 -> 4 : 0 via 4
4 -> 5 : 10 via 2
Packet received from 4 at 2
All packets received by 2
Updated routing table for 2
Packet sent from 2 to 5
Packet sent from 2 to 4
Packet sent from 2 to 3
Node: 2
2 -> 0 : 42 via 3
2 -> 1 : 37 via 3
2 -> 2 : 0 via 2
2 -> 3 : 7 via 3
2 -> 4 : 4 via 4
2 -> 5 : 6 via 5
Packet received from 3 at 2
All packets received by 2
No changes in routing table for 2
Packet received from 2 at 3
All packets received by 3
Updated routing table for 3
Packet sent from 3 to 2
Node: 3
3 -> 0 : 43 via 2
3 -> 1 : 38 via 2
3 -> 2 : 7 via 2
3 -> 3 : 0 via 3
3 -> 4 : 11 via 2
3 -> 5 : 13 via 2
Packet received from 5 at 2
All packets received by 2
No changes in routing table for 2
Packet received from 2 at 5
All packets received by 5
Updated routing table for 5
Packet sent from 5 to 2
Node: 5
5 -> 0 : 42 via 2
5 -> 1 : 39 via 2
5 -> 2 : 6 via 2
5 -> 3 : 13 via 2
5 -> 4 : 10 via 2
5 -> 5 : 0 via 5
Packet received from 4 at 2
All packets received by 2
Updated routing table for 2
Packet sent from 2 to 5
Packet sent from 2 to 4
Packet sent from 2 to 3
Node: 2
2 -> 0 : 42 via 3
2 -> 1 : 39 via 3
2 -> 2 : 0 via 2
2 -> 3 : 7 via 3
2 -> 4 : 4 via 4
2 -> 5 : 6 via 5
Packet received from 2 at 4
All packets received by 4
Updated routing table for 4
Packet sent from 4 to 2
Node: 4
4 -> 0 : 42 via 2
4 -> 1 : 39 via 2
4 -> 2 : 4 via 2
4 -> 3 : 11 via 2
4 -> 4 : 0 via 4
4 -> 5 : 10 via 2
Packet received from 3 at 2
All packets received by 2
No changes in routing table for 2
Packet received from 2 at 3
All packets received by 3
Updated routing table for 3
Packet sent from 3 to 2
Node: 3
3 -> 0 : 43 via 2
3 -> 1 : 40 via 2
3 -> 2 : 7 via 2
3 -> 3 : 0 via 3
3 -> 4 : 11 via 2
3 -> 5 : 13 via 2
Packet received from 5 at 2
All packets received by 2
No changes in routing table for 2
Packet received from 2 at 5
All packets received by 5
Updated routing table for 5
Packet sent from 5 to 2
Node: 5
5 -> 0 : 44 via 2
5 -> 1 : 39 via 2
5 -> 2 : 6 via 2
5 -> 3 : 13 via 2
5 -> 4 : 10 via 2
5 -> 5 : 0 via 5
Packet received from 1 at 0
All packets received by 0
Updated routing table for 0
Packet sent from 0 to 1
Node: 0
0 -> 0 : 0 via 0
0 -> 1 : 5 via 1
0 -> 2 : 49 via -
0 -> 3 : 45 via 1
0 -> 4 : 42 via 1
0 -> 5 : 44 via 1
Packet received from 4 at 2
All packets received by 2
Updated routing table for 2
Packet sent from 2 to 5
Packet sent from 2 to 4
Packet sent from 2 to 3
Node: 2
2 -> 0 : 44 via 3
2 -> 1 : 39 via 3
2 -> 2 : 0 via 2
2 -> 3 : 7 via 3
2 -> 4 : 4 via 4
2 -> 5 : 6 via 5
Packet received from 2 at 4
All packets received by 4
Updated routing table for 4
Packet sent from 4 to 2
Node: 4
4 -> 0 : 44 via 2
4 -> 1 : 39 via 2
4 -> 2 : 4 via 2
4 -> 3 : 11 via 2
4 -> 4 : 0 via 4
4 -> 5 : 10 via 2
Packet received from 3 at 2
All packets received by 2
No changes in routing table for 2
Packet received from 2 at 3
All packets received by 3
Updated routing table for 3
Packet sent from 3 to 2
Node: 3
3 -> 0 : 45 via 2
3 -> 1 : 40 via 2
3 -> 2 : 7 via 2
3 -> 3 : 0 via 3
3 -> 4 : 11 via 2
3 -> 5 : 13 via 2
Packet received from 5 at 2
All packets received by 2
No changes in routing table for 2
Packet received from 2 at 5
All packets received by 5
Updated routing table for 5
Packet sent from 5 to 2
Node: 5
5 -> 0 : 44 via 2
5 -> 1 : 41 via 2
5 -> 2 : 6 via 2
5 -> 3 : 13 via 2
5 -> 4 : 10 via 2
5 -> 5 : 0 via 5
Packet received from 4 at 2
All packets received by 2
Updated routing table for 2
Packet sent from 2 to 5
Packet sent from 2 to 4
Packet sent from 2 to 3
Node: 2
2 -> 0 : 44 via 3
2 -> 1 : 41 via 3
2 -> 2 : 0 via 2
2 -> 3 : 7 via 3
2 -> 4 : 4 via 4
2 -> 5 : 6 via 5
Packet received from 2 at 4
All packets received by 4
Updated routing table for 4
Packet sent from 4 to 2
Node: 4
4 -> 0 : 44 via 2
4 -> 1 : 41 via 2
4 -> 2 : 4 via 2
4 -> 3 : 11 via 2
4 -> 4 : 0 via 4
4 -> 5 : 10 via 2
Packet received from 3 at 2
All packets received by 2
No changes in routing table for 2
Packet received from 2 at 3
All packets received by 3
Updated routing table for 3
Packet sent from 3 to 2
Node: 3
3 -> 0 : 45 via 2
3 -> 1 : 42 via 2
3 -> 2 : 7 via 2
3 -> 3 : 0 via 3
3 -> 4 : 11 via 2
3 -> 5 : 13 via 2
Packet received from 5 at 2
All packets received by 2
No changes in routing table for 2
Packet received from 2 at 5
All packets received by 5
Updated routing table for 5
Packet sent from 5 to 2
Node: 5
5 -> 0 : 46 via 2
5 -> 1 : 41 via 2
5 -> 2 : 6 via 2
5 -> 3 : 13 via 2
5 -> 4 : 10 via 2
5 -> 5 : 0 via 5
Packet received from 4 at 2
All packets received by 2
Updated routing table for 2
Packet sent from 2 to 5
Packet sent from 2 to 4
Packet sent from 2 to 3
Node: 2
2 -> 0 : 46 via 3
2 -> 1 : 41 via 3
2 -> 2 : 0 via 2
2 -> 3 : 7 via 3
2 -> 4 : 4 via 4
2 -> 5 : 6 via 5
Packet received from 2 at 4
All packets received by 4
Updated routing table for 4
Packet sent from 4 to 2
Node: 4
4 -> 0 : 46 via 2
4 -> 1 : 41 via 2
4 -> 2 : 4 via 2
4 -> 3 : 11 via 2
4 -> 4 : 0 via 4
4 -> 5 : 10 via 2
Packet received from 3 at 2
All packets received by 2
No changes in routing table for 2
Packet received from 2 at 3
All packets received by 3
Updated routing table for 3
Packet sent from 3 to 2
Node: 3
3 -> 0 : 47 via 2
3 -> 1 : 42 via 2
3 -> 2 : 7 via 2
3 -> 3 : 0 via 3
3 -> 4 : 11 via 2
3 -> 5 : 13 via 2
Packet received from 5 at 2
All packets received by 2
No changes in routing table for 2
Packet received from 2 at 5
All packets received by 5
Updated routing table for 5
Packet sent from 5 to 2
Node: 5
5 -> 0 : 46 via 2
5 -> 1 : 43 via 2
5 -> 2 : 6 via 2
5 -> 3 : 13 via 2
5 -> 4 : 10 via 2
5 -> 5 : 0 via 5
Packet received from 2 at 4
All packets received by 4
Updated routing table for 4
Packet sent from 4 to 2
Node: 4
4 -> 0 : 46 via 2
4 -> 1 : 43 via 2
4 -> 2 : 4 via 2
4 -> 3 : 11 via 2
4 -> 4 : 0 via 4
4 -> 5 : 10 via 2
Packet received from 4 at 2
All packets received by 2
Updated routing table for 2
Packet sent from 2 to 5
Packet sent from 2 to 4
Packet sent from 2 to 3
Node: 2
2 -> 0 : 46 via 3
2 -> 1 : 43 via 3
2 -> 2 : 0 via 2
2 -> 3 : 7 via 3
2 -> 4 : 4 via 4
2 -> 5 : 6 via 5
Packet received from 3 at 2
All packets received by 2
No changes in routing table for 2
Packet received from 2 at 3
All packets received by 3
Updated routing table for 3
Packet sent from 3 to 2
Node: 3
3 -> 0 : 47 via 2
3 -> 1 : 44 via 2
3 -> 2 : 7 via 2
3 -> 3 : 0 via 3
3 -> 4 : 11 via 2
3 -> 5 : 13 via 2
Packet received from 5 at 2
All packets received by 2
No changes in routing table for 2
Packet received from 2 at 5
All packets received by 5
Updated routing table for 5
Packet sent from 5 to 2
Node: 5
5 -> 0 : 48 via 2
5 -> 1 : 43 via 2
5 -> 2 : 6 via 2
5 -> 3 : 13 via 2
5 -> 4 : 10 via 2
5 -> 5 : 0 via 5
Packet received from 2 at 4
All packets received by 4
Updated routing table for 4
Packet sent from 4 to 2
Node: 4
4 -> 0 : 48 via 2
4 -> 1 : 43 via 2
4 -> 2 : 4 via 2
4 -> 3 : 11 via 2
4 -> 4 : 0 via 4
4 -> 5 : 10 via 2
Packet received from 4 at 2
All packets received by 2
Updated routing table for 2
Packet sent from 2 to 5
Packet sent from 2 to 4
Packet sent from 2 to 3
Node: 2
2 -> 0 : 48 via 3
2 -> 1 : 43 via 3
2 -> 2 : 0 via 2
2 -> 3 : 7 via 3
2 -> 4 : 4 via 4
2 -> 5 : 6 via 5
Packet received from 3 at 2
All packets received by 2
No changes in routing table for 2
Packet received from 2 at 3
All packets received by 3
Updated routing table for 3
Packet sent from 3 to 2
Node: 3
3 -> 0 : 49 via 2
3 -> 1 : 44 via 2
3 -> 2 : 7 via 2
3 -> 3 : 0 via 3
3 -> 4 : 11 via 2
3 -> 5 : 13 via 2
Packet received from 5 at 2
All packets received by 2
No changes in routing table for 2
Packet received from 2 at 5
All packets received by 5
Updated routing table for 5
Packet sent from 5 to 2
Node: 5
5 -> 0 : 48 via 2
5 -> 1 : 45 via 2
5 -> 2 : 6 via 2
5 -> 3 : 13 via 2
5 -> 4 : 10 via 2
5 -> 5 : 0 via 5
Packet received from 0 at 1
All packets received by 1
Updated routing table for 1
Packet sent from 1 to 0
Node: 1
1 -> 0 : 5 via 0
1 -> 1 : 0 via 1
1 -> 2 : 49 via -
1 -> 3 : 49 via -
1 -> 4 : 47 via 0
1 -> 5 : 49 via 0
Packet received from 2 at 4
All packets received by 4
Updated routing table for 4
Packet sent from 4 to 2
Node: 4
4 -> 0 : 48 via 2
4 -> 1 : 45 via 2
4 -> 2 : 4 via 2
4 -> 3 : 11 via 2
4 -> 4 : 0 via 4
4 -> 5 : 10 via 2
Packet received from 4 at 2
All packets received by 2
Updated routing table for 2
Packet sent from 2 to 5
Packet sent from 2 to 4
Packet sent from 2 to 3
Node: 2
2 -> 0 : 48 via 3
2 -> 1 : 45 via 3
2 -> 2 : 0 via 2
2 -> 3 : 7 via 3
2 -> 4 : 4 via 4
2 -> 5 : 6 via 5
Packet received from 3 at 2
All packets received by 2
No changes in routing table for 2
Packet received from 2 at 3
All packets received by 3
Updated routing table for 3
Packet sent from 3 to 2
Node: 3
3 -> 0 : 49 via 2
3 -> 1 : 46 via 2
3 -> 2 : 7 via 2
3 -> 3 : 0 via 3
3 -> 4 : 11 via 2
3 -> 5 : 13 via 2
Packet received from 5 at 2
All packets received by 2
No changes in routing table for 2
Packet received from 2 at 5
All packets received by 5
Updated routing table for 5
Packet sent from 5 to 2
Node: 5
5 -> 0 : 49 via -
5 -> 1 : 45 via 2
5 -> 2 : 6 via 2
5 -> 3 : 13 via 2
5 -> 4 : 10 via 2
5 -> 5 : 0 via 5
Packet received from 2 at 4
All packets received by 4
Updated routing table for 4
Packet sent from 4 to 2
Node: 4
4 -> 0 : 49 via -
4 -> 1 : 45 via 2
4 -> 2 : 4 via 2
4 -> 3 : 11 via 2
4 -> 4 : 0 via 4
4 -> 5 : 10 via 2
Packet received from 4 at 2
All packets received by 2
Updated routing table for 2
Packet sent from 2 to 5
Packet sent from 2 to 4
Packet sent from 2 to 3
Node: 2
2 -> 0 : 49 via -
2 -> 1 : 45 via 3
2 -> 2 : 0 via 2
2 -> 3 : 7 via 3
2 -> 4 : 4 via 4
2 -> 5 : 6 via 5
Packet received from 3 at 2
All packets received by 2
No changes in routing table for 2
Packet received from 2 at 3
All packets received by 3
No changes in routing table for 3
Packet received from 5 at 2
All packets received by 2
No changes in routing table for 2
Packet received from 2 at 5
All packets received by 5
Updated routing table for 5
Packet sent from 5 to 2
Node: 5
5 -> 0 : 49 via -
5 -> 1 : 47 via 2
5 -> 2 : 6 via 2
5 -> 3 : 13 via 2
5 -> 4 : 10 via 2
5 -> 5 : 0 via 5
Packet received from 4 at 2
All packets received by 2
Updated routing table for 2
Packet sent from 2 to 5
Packet sent from 2 to 4
Packet sent from 2 to 3
Node: 2
2 -> 0 : 49 via -
2 -> 1 : 47 via 3
2 -> 2 : 0 via 2
2 -> 3 : 7 via 3
2 -> 4 : 4 via 4
2 -> 5 : 6 via 5
Packet received from 2 at 4
All packets received by 4
Updated routing table for 4
Packet sent from 4 to 2
Node: 4
4 -> 0 : 49 via -
4 -> 1 : 47 via 2
4 -> 2 : 4 via 2
4 -> 3 : 11 via 2
4 -> 4 : 0 via 4
4 -> 5 : 10 via 2
Packet received from 3 at 2
All packets received by 2
No changes in routing table for 2
Packet received from 2 at 3
All packets received by 3
Updated routing table for 3
Packet sent from 3 to 2
Node: 3
3 -> 0 : 49 via -
3 -> 1 : 48 via 2
3 -> 2 : 7 via 2
3 -> 3 : 0 via 3
3 -> 4 : 11 via 2
3 -> 5 : 13 via 2
Packet received from 5 at 2
All packets received by 2
No changes in routing table for 2
Packet received from 2 at 5
All packets received by 5
No changes in routing table for 5
Packet received from 4 at 2
All packets received by 2
No changes in routing table for 2
Packet received from 2 at 4
All packets received by 4
No changes in routing table for 4
Packet received from 3 at 2
All packets received by 2
No changes in routing table for 2
Packet received from 2 at 3
All packets received by 3
No changes in routing table for 3
Packet received from 5 at 2
All packets received by 2
No changes in routing table for 2
Packet received from 2 at 5
All packets received by 5
Updated routing table for 5
Packet sent from 5 to 2
Node: 5
5 -> 0 : 49 via -
5 -> 1 : 49 via 2
5 -> 2 : 6 via 2
5 -> 3 : 13 via 2
5 -> 4 : 10 via 2
5 -> 5 : 0 via 5
Packet received from 4 at 2
All packets received by 2
Updated routing table for 2
Packet sent from 2 to 5
Packet sent from 2 to 4
Packet sent from 2 to 3
Node: 2
2 -> 0 : 49 via -
2 -> 1 : 49 via 3
2 -> 2 : 0 via 2
2 -> 3 : 7 via 3
2 -> 4 : 4 via 4
2 -> 5 : 6 via 5
Packet received from 2 at 4
All packets received by 4
Updated routing table for 4
Packet sent from 4 to 2
Node: 4
4 -> 0 : 49 via -
4 -> 1 : 49 via 2
4 -> 2 : 4 via 2
4 -> 3 : 11 via 2
4 -> 4 : 0 via 4
4 -> 5 : 10 via 2
Packet received from 3 at 2
All packets received by 2
No changes in routing table for 2
Packet received from 2 at 3
All packets received by 3
Updated routing table for 3
Packet sent from 3 to 2
Node: 3
3 -> 0 : 49 via -
3 -> 1 : 49 via -
3 -> 2 : 7 via 2
3 -> 3 : 0 via 3
3 -> 4 : 11 via 2
3 -> 5 : 13 via 2
Packet received from 5 at 2
All packets received by 2
No changes in routing table for 2
Packet received from 2 at 5
All packets received by 5
No changes in routing table for 5
Packet received from 1 at 0
All packets received by 0
Updated routing table for 0
Packet sent from 0 to 1
Node: 0
0 -> 0 : 0 via 0
0 -> 1 : 5 via 1
0 -> 2 : 49 via -
0 -> 3 : 49 via -
0 -> 4 : 49 via -
0 -> 5 : 49 via -
Packet received from 4 at 2
All packets received by 2
No changes in routing table for 2
Packet received from 2 at 4
All packets received by 4
No changes in routing table for 4
Packet received from 3 at 2
All packets received by 2
No changes in routing table for 2
Packet received from 2 at 3
All packets received by 3
No changes in routing table for 3
Packet received from 5 at 2
All packets received by 2
No changes in routing table for 2
Packet received from 2 at 5
All packets received by 5
No changes in routing table for 5
Packet received from 2 at 4
All packets received by 4
No changes in routing table for 4
Packet received from 4 at 2
All packets received by 2
No changes in routing table for 2
Packet received from 3 at 2
All packets received by 2
No changes in routing table for 2
Packet received from 2 at 3
All packets received by 3
No changes in routing table for 3
Packet received from 5 at 2
All packets received by 2
No changes in routing table for 2
Packet received from 2 at 5
All packets received by 5
No changes in routing table for 5
Packet received from 3 at 2
All packets received by 2
No changes in routing table for 2
Packet received from 2 at 3
All packets received by 3
No changes in routing table for 3
Packet received from 5 at 2
All packets received by 2
No changes in routing table for 2
Packet received from 2 at 5
All packets received by 5
No changes in routing table for 5
Packet received from 2 at 4
All packets received by 4
No changes in routing table for 4
Packet received from 4 at 2
All packets received by 2
No changes in routing table for 2
Packet received from 2 at 3
All packets received by 3
No changes in routing table for 3
Packet received from 3 at 2
All packets received by 2
No changes in routing table for 2
Packet received from 5 at 2
All packets received by 2
No changes in routing table for 2
Packet received from 2 at 5
All packets received by 5
No changes in routing table for 5
Packet received from 0 at 1
All packets received by 1
Updated routing table for 1
Packet sent from 1 to 0
Node: 1
1 -> 0 : 5 via 0
1 -> 1 : 0 via 1
1 -> 2 : 49 via -
1 -> 3 : 49 via -
1 -> 4 : 49 via -
1 -> 5 : 49 via -
Packet received from 2 at 3
All packets received by 3
No changes in routing table for 3
Packet received from 3 at 2
All packets received by 2
No changes in routing table for 2
Packet received from 1 at 0
All packets received by 0
No changes in routing table for 0
At time 77.0 all packets are sent and stabity established
